<?xml version="1.0" encoding="UTF-8"?>
<testng-results ignored="0" total="72" passed="69" failed="3" skipped="0">
  <reporter-output>
  </reporter-output>
  <suite started-at="2020-06-21T11:55:11 IST" name="TestSuite" finished-at="2020-06-21T12:04:02 IST" duration-ms="530253">
    <groups>
    </groups>
    <test started-at="2020-06-21T11:55:11 IST" name="ChromeTest" finished-at="2020-06-21T11:58:03 IST" duration-ms="171641">
      <class name="com.selenium.tests.TestBase">
        <test-method is-config="true" signature="startReport(java.lang.String)[pri:0, instance:com.selenium.tests.TestBase@7c0c77c7]" started-at="2020-06-21T11:55:11 IST" name="startReport" finished-at="2020-06-21T11:55:12 IST" duration-ms="289" status="PASS">
          <params>
            <param index="0">
              <value>
                <![CDATA[chrome]]>
              </value>
            </param>
          </params>
          <reporter-output>
          </reporter-output>
        </test-method> <!-- startReport -->
        <test-method is-config="true" signature="setUp(java.lang.String)[pri:0, instance:com.selenium.tests.TestBase@7c0c77c7]" started-at="2020-06-21T11:55:12 IST" name="setUp" finished-at="2020-06-21T11:55:18 IST" duration-ms="6095" status="PASS">
          <params>
            <param index="0">
              <value>
                <![CDATA[chrome]]>
              </value>
            </param>
          </params>
          <reporter-output>
          </reporter-output>
        </test-method> <!-- setUp -->
        <test-method signature="UrlTesting()[pri:0, instance:com.selenium.tests.TestBase@7c0c77c7]" started-at="2020-06-21T11:55:18 IST" name="UrlTesting" finished-at="2020-06-21T11:55:25 IST" duration-ms="6984" status="PASS">
          <reporter-output>
          </reporter-output>
        </test-method> <!-- UrlTesting -->
        <test-method is-config="true" signature="tearDown(org.testng.ITestResult)[pri:0, instance:com.selenium.tests.TestBase@7c0c77c7]" started-at="2020-06-21T11:55:25 IST" name="tearDown" finished-at="2020-06-21T11:55:25 IST" duration-ms="56" status="PASS">
          <params>
            <param index="0">
              <value>
                <![CDATA[[TestResult name=UrlTesting status=SUCCESS method=TestBase.UrlTesting()[pri:0, instance:com.selenium.tests.TestBase@7c0c77c7] output={null}]]]>
              </value>
            </param>
          </params>
          <reporter-output>
          </reporter-output>
        </test-method> <!-- tearDown -->
        <test-method signature="testValidDetails()[pri:1, instance:com.selenium.tests.TestBase@7c0c77c7]" started-at="2020-06-21T11:55:25 IST" name="testValidDetails" finished-at="2020-06-21T11:55:50 IST" duration-ms="24984" status="PASS">
          <reporter-output>
          </reporter-output>
        </test-method> <!-- testValidDetails -->
        <test-method is-config="true" signature="tearDown(org.testng.ITestResult)[pri:0, instance:com.selenium.tests.TestBase@7c0c77c7]" started-at="2020-06-21T11:55:50 IST" name="tearDown" finished-at="2020-06-21T11:55:50 IST" duration-ms="3" status="PASS">
          <params>
            <param index="0">
              <value>
                <![CDATA[[TestResult name=testValidDetails status=SUCCESS method=TestBase.testValidDetails()[pri:1, instance:com.selenium.tests.TestBase@7c0c77c7] output={null}]]]>
              </value>
            </param>
          </params>
          <reporter-output>
          </reporter-output>
        </test-method> <!-- tearDown -->
        <test-method signature="testCondition()[pri:2, instance:com.selenium.tests.TestBase@7c0c77c7]" started-at="2020-06-21T11:55:50 IST" name="testCondition" finished-at="2020-06-21T11:55:53 IST" duration-ms="3189" status="PASS">
          <reporter-output>
          </reporter-output>
        </test-method> <!-- testCondition -->
        <test-method is-config="true" signature="tearDown(org.testng.ITestResult)[pri:0, instance:com.selenium.tests.TestBase@7c0c77c7]" started-at="2020-06-21T11:55:53 IST" name="tearDown" finished-at="2020-06-21T11:55:53 IST" duration-ms="3" status="PASS">
          <params>
            <param index="0">
              <value>
                <![CDATA[[TestResult name=testCondition status=SUCCESS method=TestBase.testCondition()[pri:2, instance:com.selenium.tests.TestBase@7c0c77c7] output={null}]]]>
              </value>
            </param>
          </params>
          <reporter-output>
          </reporter-output>
        </test-method> <!-- tearDown -->
        <test-method signature="testFilterButton()[pri:3, instance:com.selenium.tests.TestBase@7c0c77c7]" started-at="2020-06-21T11:55:53 IST" name="testFilterButton" finished-at="2020-06-21T11:55:57 IST" duration-ms="4075" status="PASS">
          <reporter-output>
          </reporter-output>
        </test-method> <!-- testFilterButton -->
        <test-method is-config="true" signature="tearDown(org.testng.ITestResult)[pri:0, instance:com.selenium.tests.TestBase@7c0c77c7]" started-at="2020-06-21T11:55:57 IST" name="tearDown" finished-at="2020-06-21T11:55:57 IST" duration-ms="2" status="PASS">
          <params>
            <param index="0">
              <value>
                <![CDATA[[TestResult name=testFilterButton status=SUCCESS method=TestBase.testFilterButton()[pri:3, instance:com.selenium.tests.TestBase@7c0c77c7] output={null}]]]>
              </value>
            </param>
          </params>
          <reporter-output>
          </reporter-output>
        </test-method> <!-- tearDown -->
        <test-method signature="testFilter()[pri:4, instance:com.selenium.tests.TestBase@7c0c77c7]" started-at="2020-06-21T11:55:57 IST" name="testFilter" finished-at="2020-06-21T11:56:00 IST" duration-ms="3131" status="PASS">
          <reporter-output>
          </reporter-output>
        </test-method> <!-- testFilter -->
        <test-method is-config="true" signature="tearDown(org.testng.ITestResult)[pri:0, instance:com.selenium.tests.TestBase@7c0c77c7]" started-at="2020-06-21T11:56:00 IST" name="tearDown" finished-at="2020-06-21T11:56:00 IST" duration-ms="2" status="PASS">
          <params>
            <param index="0">
              <value>
                <![CDATA[[TestResult name=testFilter status=SUCCESS method=TestBase.testFilter()[pri:4, instance:com.selenium.tests.TestBase@7c0c77c7] output={null}]]]>
              </value>
            </param>
          </params>
          <reporter-output>
          </reporter-output>
        </test-method> <!-- tearDown -->
        <test-method signature="testScroll()[pri:5, instance:com.selenium.tests.TestBase@7c0c77c7]" started-at="2020-06-21T11:56:00 IST" name="testScroll" finished-at="2020-06-21T11:56:48 IST" duration-ms="47813" status="PASS">
          <reporter-output>
          </reporter-output>
        </test-method> <!-- testScroll -->
        <test-method is-config="true" signature="tearDown(org.testng.ITestResult)[pri:0, instance:com.selenium.tests.TestBase@7c0c77c7]" started-at="2020-06-21T11:56:48 IST" name="tearDown" finished-at="2020-06-21T11:56:48 IST" duration-ms="1" status="PASS">
          <params>
            <param index="0">
              <value>
                <![CDATA[[TestResult name=testScroll status=SUCCESS method=TestBase.testScroll()[pri:5, instance:com.selenium.tests.TestBase@7c0c77c7] output={null}]]]>
              </value>
            </param>
          </params>
          <reporter-output>
          </reporter-output>
        </test-method> <!-- tearDown -->
        <test-method signature="testHospsWithRatings()[pri:6, instance:com.selenium.tests.TestBase@7c0c77c7]" started-at="2020-06-21T11:56:48 IST" name="testHospsWithRatings" finished-at="2020-06-21T11:56:59 IST" duration-ms="10898" status="PASS">
          <reporter-output>
          </reporter-output>
        </test-method> <!-- testHospsWithRatings -->
        <test-method is-config="true" signature="tearDown(org.testng.ITestResult)[pri:0, instance:com.selenium.tests.TestBase@7c0c77c7]" started-at="2020-06-21T11:56:59 IST" name="tearDown" finished-at="2020-06-21T11:56:59 IST" duration-ms="2" status="PASS">
          <params>
            <param index="0">
              <value>
                <![CDATA[[TestResult name=testHospsWithRatings status=SUCCESS method=TestBase.testHospsWithRatings()[pri:6, instance:com.selenium.tests.TestBase@7c0c77c7] output={null}]]]>
              </value>
            </param>
          </params>
          <reporter-output>
          </reporter-output>
        </test-method> <!-- tearDown -->
        <test-method signature="testDiagnosticspage()[pri:7, instance:com.selenium.tests.TestBase@7c0c77c7]" started-at="2020-06-21T11:56:59 IST" name="testDiagnosticspage" finished-at="2020-06-21T11:57:26 IST" duration-ms="27096" status="PASS">
          <reporter-output>
          </reporter-output>
        </test-method> <!-- testDiagnosticspage -->
        <test-method is-config="true" signature="tearDown(org.testng.ITestResult)[pri:0, instance:com.selenium.tests.TestBase@7c0c77c7]" started-at="2020-06-21T11:57:26 IST" name="tearDown" finished-at="2020-06-21T11:57:26 IST" duration-ms="3" status="PASS">
          <params>
            <param index="0">
              <value>
                <![CDATA[[TestResult name=testDiagnosticspage status=SUCCESS method=TestBase.testDiagnosticspage()[pri:7, instance:com.selenium.tests.TestBase@7c0c77c7] output={null}]]]>
              </value>
            </param>
          </params>
          <reporter-output>
          </reporter-output>
        </test-method> <!-- tearDown -->
        <test-method signature="testGetTopCities()[pri:8, instance:com.selenium.tests.TestBase@7c0c77c7]" started-at="2020-06-21T11:57:26 IST" name="testGetTopCities" finished-at="2020-06-21T11:57:27 IST" duration-ms="610" status="PASS">
          <reporter-output>
          </reporter-output>
        </test-method> <!-- testGetTopCities -->
        <test-method is-config="true" signature="tearDown(org.testng.ITestResult)[pri:0, instance:com.selenium.tests.TestBase@7c0c77c7]" started-at="2020-06-21T11:57:27 IST" name="tearDown" finished-at="2020-06-21T11:57:27 IST" duration-ms="0" status="PASS">
          <params>
            <param index="0">
              <value>
                <![CDATA[[TestResult name=testGetTopCities status=SUCCESS method=TestBase.testGetTopCities()[pri:8, instance:com.selenium.tests.TestBase@7c0c77c7] output={null}]]]>
              </value>
            </param>
          </params>
          <reporter-output>
          </reporter-output>
        </test-method> <!-- tearDown -->
        <test-method signature="testDisplayTopCities()[pri:9, instance:com.selenium.tests.TestBase@7c0c77c7]" started-at="2020-06-21T11:57:27 IST" name="testDisplayTopCities" finished-at="2020-06-21T11:57:27 IST" duration-ms="0" status="PASS">
          <reporter-output>
          </reporter-output>
        </test-method> <!-- testDisplayTopCities -->
        <test-method is-config="true" signature="tearDown(org.testng.ITestResult)[pri:0, instance:com.selenium.tests.TestBase@7c0c77c7]" started-at="2020-06-21T11:57:27 IST" name="tearDown" finished-at="2020-06-21T11:57:27 IST" duration-ms="1" status="PASS">
          <params>
            <param index="0">
              <value>
                <![CDATA[[TestResult name=testDisplayTopCities status=SUCCESS method=TestBase.testDisplayTopCities()[pri:9, instance:com.selenium.tests.TestBase@7c0c77c7] output={null}]]]>
              </value>
            </param>
          </params>
          <reporter-output>
          </reporter-output>
        </test-method> <!-- tearDown -->
        <test-method signature="testcWellnessPage()[pri:10, instance:com.selenium.tests.TestBase@7c0c77c7]" started-at="2020-06-21T11:57:27 IST" name="testcWellnessPage" finished-at="2020-06-21T11:57:54 IST" duration-ms="27396" status="PASS">
          <reporter-output>
          </reporter-output>
        </test-method> <!-- testcWellnessPage -->
        <test-method is-config="true" signature="tearDown(org.testng.ITestResult)[pri:0, instance:com.selenium.tests.TestBase@7c0c77c7]" started-at="2020-06-21T11:57:54 IST" name="tearDown" finished-at="2020-06-21T11:57:54 IST" duration-ms="3" status="PASS">
          <params>
            <param index="0">
              <value>
                <![CDATA[[TestResult name=testcWellnessPage status=SUCCESS method=TestBase.testcWellnessPage()[pri:10, instance:com.selenium.tests.TestBase@7c0c77c7] output={null}]]]>
              </value>
            </param>
          </params>
          <reporter-output>
          </reporter-output>
        </test-method> <!-- tearDown -->
        <test-method signature="invalidDetails1()[pri:11, instance:com.selenium.tests.TestBase@7c0c77c7]" started-at="2020-06-21T11:57:54 IST" name="invalidDetails1" finished-at="2020-06-21T11:57:54 IST" duration-ms="110" status="PASS">
          <reporter-output>
          </reporter-output>
        </test-method> <!-- invalidDetails1 -->
        <test-method is-config="true" signature="tearDown(org.testng.ITestResult)[pri:0, instance:com.selenium.tests.TestBase@7c0c77c7]" started-at="2020-06-21T11:57:54 IST" name="tearDown" finished-at="2020-06-21T11:57:54 IST" duration-ms="3" status="PASS">
          <params>
            <param index="0">
              <value>
                <![CDATA[[TestResult name=invalidDetails1 status=SUCCESS method=TestBase.invalidDetails1()[pri:11, instance:com.selenium.tests.TestBase@7c0c77c7] output={null}]]]>
              </value>
            </param>
          </params>
          <reporter-output>
          </reporter-output>
        </test-method> <!-- tearDown -->
        <test-method signature="testDisplayError1()[pri:12, instance:com.selenium.tests.TestBase@7c0c77c7]" started-at="2020-06-21T11:57:54 IST" name="testDisplayError1" finished-at="2020-06-21T11:57:54 IST" duration-ms="206" status="PASS">
          <reporter-output>
          </reporter-output>
        </test-method> <!-- testDisplayError1 -->
        <test-method is-config="true" signature="tearDown(org.testng.ITestResult)[pri:0, instance:com.selenium.tests.TestBase@7c0c77c7]" started-at="2020-06-21T11:57:54 IST" name="tearDown" finished-at="2020-06-21T11:57:54 IST" duration-ms="1" status="PASS">
          <params>
            <param index="0">
              <value>
                <![CDATA[[TestResult name=testDisplayError1 status=SUCCESS method=TestBase.testDisplayError1()[pri:12, instance:com.selenium.tests.TestBase@7c0c77c7] output={null}]]]>
              </value>
            </param>
          </params>
          <reporter-output>
          </reporter-output>
        </test-method> <!-- tearDown -->
        <test-method signature="invalidDetails2()[pri:13, instance:com.selenium.tests.TestBase@7c0c77c7]" started-at="2020-06-21T11:57:54 IST" name="invalidDetails2" finished-at="2020-06-21T11:57:55 IST" duration-ms="518" status="PASS">
          <reporter-output>
          </reporter-output>
        </test-method> <!-- invalidDetails2 -->
        <test-method is-config="true" signature="tearDown(org.testng.ITestResult)[pri:0, instance:com.selenium.tests.TestBase@7c0c77c7]" started-at="2020-06-21T11:57:55 IST" name="tearDown" finished-at="2020-06-21T11:57:55 IST" duration-ms="1" status="PASS">
          <params>
            <param index="0">
              <value>
                <![CDATA[[TestResult name=invalidDetails2 status=SUCCESS method=TestBase.invalidDetails2()[pri:13, instance:com.selenium.tests.TestBase@7c0c77c7] output={null}]]]>
              </value>
            </param>
          </params>
          <reporter-output>
          </reporter-output>
        </test-method> <!-- tearDown -->
        <test-method signature="testDisplayError2()[pri:14, instance:com.selenium.tests.TestBase@7c0c77c7]" started-at="2020-06-21T11:57:55 IST" name="testDisplayError2" finished-at="2020-06-21T11:57:55 IST" duration-ms="70" status="PASS">
          <reporter-output>
          </reporter-output>
        </test-method> <!-- testDisplayError2 -->
        <test-method is-config="true" signature="tearDown(org.testng.ITestResult)[pri:0, instance:com.selenium.tests.TestBase@7c0c77c7]" started-at="2020-06-21T11:57:55 IST" name="tearDown" finished-at="2020-06-21T11:57:55 IST" duration-ms="2" status="PASS">
          <params>
            <param index="0">
              <value>
                <![CDATA[[TestResult name=testDisplayError2 status=SUCCESS method=TestBase.testDisplayError2()[pri:14, instance:com.selenium.tests.TestBase@7c0c77c7] output={null}]]]>
              </value>
            </param>
          </params>
          <reporter-output>
          </reporter-output>
        </test-method> <!-- tearDown -->
        <test-method signature="invalidDetails3()[pri:15, instance:com.selenium.tests.TestBase@7c0c77c7]" started-at="2020-06-21T11:57:55 IST" name="invalidDetails3" finished-at="2020-06-21T11:57:56 IST" duration-ms="510" status="PASS">
          <reporter-output>
          </reporter-output>
        </test-method> <!-- invalidDetails3 -->
        <test-method is-config="true" signature="tearDown(org.testng.ITestResult)[pri:0, instance:com.selenium.tests.TestBase@7c0c77c7]" started-at="2020-06-21T11:57:56 IST" name="tearDown" finished-at="2020-06-21T11:57:56 IST" duration-ms="4" status="PASS">
          <params>
            <param index="0">
              <value>
                <![CDATA[[TestResult name=invalidDetails3 status=SUCCESS method=TestBase.invalidDetails3()[pri:15, instance:com.selenium.tests.TestBase@7c0c77c7] output={null}]]]>
              </value>
            </param>
          </params>
          <reporter-output>
          </reporter-output>
        </test-method> <!-- tearDown -->
        <test-method signature="testDisplayError3()[pri:16, instance:com.selenium.tests.TestBase@7c0c77c7]" started-at="2020-06-21T11:57:56 IST" name="testDisplayError3" finished-at="2020-06-21T11:57:56 IST" duration-ms="73" status="PASS">
          <reporter-output>
          </reporter-output>
        </test-method> <!-- testDisplayError3 -->
        <test-method is-config="true" signature="tearDown(org.testng.ITestResult)[pri:0, instance:com.selenium.tests.TestBase@7c0c77c7]" started-at="2020-06-21T11:57:56 IST" name="tearDown" finished-at="2020-06-21T11:57:56 IST" duration-ms="1" status="PASS">
          <params>
            <param index="0">
              <value>
                <![CDATA[[TestResult name=testDisplayError3 status=SUCCESS method=TestBase.testDisplayError3()[pri:16, instance:com.selenium.tests.TestBase@7c0c77c7] output={null}]]]>
              </value>
            </param>
          </params>
          <reporter-output>
          </reporter-output>
        </test-method> <!-- tearDown -->
        <test-method signature="invalidDetails4()[pri:17, instance:com.selenium.tests.TestBase@7c0c77c7]" started-at="2020-06-21T11:57:56 IST" name="invalidDetails4" finished-at="2020-06-21T11:57:56 IST" duration-ms="723" status="PASS">
          <reporter-output>
          </reporter-output>
        </test-method> <!-- invalidDetails4 -->
        <test-method is-config="true" signature="tearDown(org.testng.ITestResult)[pri:0, instance:com.selenium.tests.TestBase@7c0c77c7]" started-at="2020-06-21T11:57:56 IST" name="tearDown" finished-at="2020-06-21T11:57:56 IST" duration-ms="1" status="PASS">
          <params>
            <param index="0">
              <value>
                <![CDATA[[TestResult name=invalidDetails4 status=SUCCESS method=TestBase.invalidDetails4()[pri:17, instance:com.selenium.tests.TestBase@7c0c77c7] output={null}]]]>
              </value>
            </param>
          </params>
          <reporter-output>
          </reporter-output>
        </test-method> <!-- tearDown -->
        <test-method signature="testDisplayError4()[pri:18, instance:com.selenium.tests.TestBase@7c0c77c7]" started-at="2020-06-21T11:57:56 IST" name="testDisplayError4" finished-at="2020-06-21T11:57:56 IST" duration-ms="67" status="PASS">
          <reporter-output>
          </reporter-output>
        </test-method> <!-- testDisplayError4 -->
        <test-method is-config="true" signature="tearDown(org.testng.ITestResult)[pri:0, instance:com.selenium.tests.TestBase@7c0c77c7]" started-at="2020-06-21T11:57:56 IST" name="tearDown" finished-at="2020-06-21T11:57:56 IST" duration-ms="1" status="PASS">
          <params>
            <param index="0">
              <value>
                <![CDATA[[TestResult name=testDisplayError4 status=SUCCESS method=TestBase.testDisplayError4()[pri:18, instance:com.selenium.tests.TestBase@7c0c77c7] output={null}]]]>
              </value>
            </param>
          </params>
          <reporter-output>
          </reporter-output>
        </test-method> <!-- tearDown -->
        <test-method signature="validDetailsCorporateWellness()[pri:19, instance:com.selenium.tests.TestBase@7c0c77c7]" started-at="2020-06-21T11:57:56 IST" name="validDetailsCorporateWellness" finished-at="2020-06-21T11:57:57 IST" duration-ms="873" status="PASS">
          <reporter-output>
          </reporter-output>
        </test-method> <!-- validDetailsCorporateWellness -->
        <test-method is-config="true" signature="tearDown(org.testng.ITestResult)[pri:0, instance:com.selenium.tests.TestBase@7c0c77c7]" started-at="2020-06-21T11:57:57 IST" name="tearDown" finished-at="2020-06-21T11:57:57 IST" duration-ms="2" status="PASS">
          <params>
            <param index="0">
              <value>
                <![CDATA[[TestResult name=validDetailsCorporateWellness status=SUCCESS method=TestBase.validDetailsCorporateWellness()[pri:19, instance:com.selenium.tests.TestBase@7c0c77c7] output={null}]]]>
              </value>
            </param>
          </params>
          <reporter-output>
          </reporter-output>
        </test-method> <!-- tearDown -->
        <test-method signature="testDisplaySuccessMessage()[pri:20, instance:com.selenium.tests.TestBase@7c0c77c7]" started-at="2020-06-21T11:57:57 IST" name="testDisplaySuccessMessage" finished-at="2020-06-21T11:57:58 IST" duration-ms="1075" status="PASS">
          <reporter-output>
          </reporter-output>
        </test-method> <!-- testDisplaySuccessMessage -->
        <test-method is-config="true" signature="tearDown(org.testng.ITestResult)[pri:0, instance:com.selenium.tests.TestBase@7c0c77c7]" started-at="2020-06-21T11:57:58 IST" name="tearDown" finished-at="2020-06-21T11:57:58 IST" duration-ms="2" status="PASS">
          <params>
            <param index="0">
              <value>
                <![CDATA[[TestResult name=testDisplaySuccessMessage status=SUCCESS method=TestBase.testDisplaySuccessMessage()[pri:20, instance:com.selenium.tests.TestBase@7c0c77c7] output={null}]]]>
              </value>
            </param>
          </params>
          <reporter-output>
          </reporter-output>
        </test-method> <!-- tearDown -->
        <test-method signature="inValidName()[pri:21, instance:com.selenium.tests.TestBase@7c0c77c7]" started-at="2020-06-21T11:57:58 IST" name="inValidName" finished-at="2020-06-21T11:57:59 IST" duration-ms="873" status="PASS">
          <reporter-output>
          </reporter-output>
        </test-method> <!-- inValidName -->
        <test-method is-config="true" signature="tearDown(org.testng.ITestResult)[pri:0, instance:com.selenium.tests.TestBase@7c0c77c7]" started-at="2020-06-21T11:57:59 IST" name="tearDown" finished-at="2020-06-21T11:57:59 IST" duration-ms="2" status="PASS">
          <params>
            <param index="0">
              <value>
                <![CDATA[[TestResult name=inValidName status=SUCCESS method=TestBase.inValidName()[pri:21, instance:com.selenium.tests.TestBase@7c0c77c7] output={null}]]]>
              </value>
            </param>
          </params>
          <reporter-output>
          </reporter-output>
        </test-method> <!-- tearDown -->
        <test-method signature="displayErrorInvalidName()[pri:22, instance:com.selenium.tests.TestBase@7c0c77c7]" started-at="2020-06-21T11:57:59 IST" name="displayErrorInvalidName" finished-at="2020-06-21T11:58:00 IST" duration-ms="1082" status="FAIL">
          <exception class="java.lang.AssertionError">
            <message>
              <![CDATA[Invalid Name test case Passed expected [Please Enter Name] but found [Thanks, for showing We have received your request, our team will contact you shortly.]]]>
            </message>
            <full-stacktrace>
              <![CDATA[java.lang.AssertionError: Invalid Name test case Passed expected [Please Enter Name] but found [Thanks, for showing We have received your request, our team will contact you shortly.]
at org.testng.Assert.fail(Assert.java:97)
at org.testng.Assert.assertEqualsImpl(Assert.java:136)
at org.testng.Assert.assertEquals(Assert.java:118)
at org.testng.Assert.assertEquals(Assert.java:575)
at com.selenium.tests.TestBase.displayErrorInvalidName(TestBase.java:266)
at java.base/jdk.internal.reflect.NativeMethodAccessorImpl.invoke0(Native Method)
at java.base/jdk.internal.reflect.NativeMethodAccessorImpl.invoke(NativeMethodAccessorImpl.java:62)
at java.base/jdk.internal.reflect.DelegatingMethodAccessorImpl.invoke(DelegatingMethodAccessorImpl.java:43)
at java.base/java.lang.reflect.Method.invoke(Method.java:567)
at org.testng.internal.MethodInvocationHelper.invokeMethod(MethodInvocationHelper.java:135)
at org.testng.internal.TestInvoker.invokeMethod(TestInvoker.java:598)
at org.testng.internal.TestInvoker.invokeTestMethod(TestInvoker.java:174)
at org.testng.internal.MethodRunner.runInSequence(MethodRunner.java:46)
at org.testng.internal.TestInvoker$MethodInvocationAgent.invoke(TestInvoker.java:821)
at org.testng.internal.TestInvoker.invokeTestMethods(TestInvoker.java:147)
at org.testng.internal.TestMethodWorker.invokeTestMethods(TestMethodWorker.java:146)
at org.testng.internal.TestMethodWorker.run(TestMethodWorker.java:128)
at java.base/java.util.ArrayList.forEach(ArrayList.java:1507)
at org.testng.TestRunner.privateRun(TestRunner.java:767)
at org.testng.TestRunner.run(TestRunner.java:588)
at org.testng.SuiteRunner.runTest(SuiteRunner.java:384)
at org.testng.SuiteRunner.access$000(SuiteRunner.java:28)
at org.testng.SuiteRunner$SuiteWorker.run(SuiteRunner.java:425)
at org.testng.internal.thread.ThreadUtil.lambda$execute$0(ThreadUtil.java:68)
at java.base/java.util.concurrent.FutureTask.run(FutureTask.java:264)
at java.base/java.util.concurrent.ThreadPoolExecutor.runWorker(ThreadPoolExecutor.java:1128)
at java.base/java.util.concurrent.ThreadPoolExecutor$Worker.run(ThreadPoolExecutor.java:628)
at java.base/java.lang.Thread.run(Thread.java:830)
]]>
            </full-stacktrace>
          </exception> <!-- java.lang.AssertionError -->
          <reporter-output>
          </reporter-output>
        </test-method> <!-- displayErrorInvalidName -->
        <test-method is-config="true" signature="tearDown(org.testng.ITestResult)[pri:0, instance:com.selenium.tests.TestBase@7c0c77c7]" started-at="2020-06-21T11:58:00 IST" name="tearDown" finished-at="2020-06-21T11:58:00 IST" duration-ms="6" status="PASS">
          <params>
            <param index="0">
              <value>
                <![CDATA[[TestResult name=displayErrorInvalidName status=FAILURE method=TestBase.displayErrorInvalidName()[pri:22, instance:com.selenium.tests.TestBase@7c0c77c7] output={null}]]]>
              </value>
            </param>
          </params>
          <reporter-output>
          </reporter-output>
        </test-method> <!-- tearDown -->
        <test-method signature="testWriteExcelData()[pri:23, instance:com.selenium.tests.TestBase@7c0c77c7]" started-at="2020-06-21T11:58:00 IST" name="testWriteExcelData" finished-at="2020-06-21T11:58:01 IST" duration-ms="594" status="PASS">
          <reporter-output>
          </reporter-output>
        </test-method> <!-- testWriteExcelData -->
        <test-method is-config="true" signature="tearDown(org.testng.ITestResult)[pri:0, instance:com.selenium.tests.TestBase@7c0c77c7]" started-at="2020-06-21T11:58:01 IST" name="tearDown" finished-at="2020-06-21T11:58:01 IST" duration-ms="6" status="PASS">
          <params>
            <param index="0">
              <value>
                <![CDATA[[TestResult name=testWriteExcelData status=SUCCESS method=TestBase.testWriteExcelData()[pri:23, instance:com.selenium.tests.TestBase@7c0c77c7] output={null}]]]>
              </value>
            </param>
          </params>
          <reporter-output>
          </reporter-output>
        </test-method> <!-- tearDown -->
        <test-method is-config="true" signature="closeBrowser()[pri:0, instance:com.selenium.tests.TestBase@7c0c77c7]" started-at="2020-06-21T11:58:01 IST" name="closeBrowser" finished-at="2020-06-21T11:58:02 IST" duration-ms="994" status="PASS">
          <reporter-output>
          </reporter-output>
        </test-method> <!-- closeBrowser -->
        <test-method is-config="true" signature="tearDown()[pri:0, instance:com.selenium.tests.TestBase@7c0c77c7]" started-at="2020-06-21T11:58:02 IST" name="tearDown" finished-at="2020-06-21T11:58:03 IST" duration-ms="1019" status="PASS">
          <reporter-output>
          </reporter-output>
        </test-method> <!-- tearDown -->
      </class> <!-- com.selenium.tests.TestBase -->
    </test> <!-- ChromeTest -->
    <test started-at="2020-06-21T11:58:03 IST" name="EdgeTest" finished-at="2020-06-21T12:00:55 IST" duration-ms="172348">
      <class name="com.selenium.tests.TestBase">
        <test-method is-config="true" signature="startReport(java.lang.String)[pri:0, instance:com.selenium.tests.TestBase@3c419631]" started-at="2020-06-21T11:58:03 IST" name="startReport" finished-at="2020-06-21T11:58:03 IST" duration-ms="2" status="PASS">
          <params>
            <param index="0">
              <value>
                <![CDATA[edge]]>
              </value>
            </param>
          </params>
          <reporter-output>
          </reporter-output>
        </test-method> <!-- startReport -->
        <test-method is-config="true" signature="setUp(java.lang.String)[pri:0, instance:com.selenium.tests.TestBase@3c419631]" started-at="2020-06-21T11:58:03 IST" name="setUp" finished-at="2020-06-21T11:58:16 IST" duration-ms="12460" status="PASS">
          <params>
            <param index="0">
              <value>
                <![CDATA[edge]]>
              </value>
            </param>
          </params>
          <reporter-output>
          </reporter-output>
        </test-method> <!-- setUp -->
        <test-method signature="UrlTesting()[pri:0, instance:com.selenium.tests.TestBase@3c419631]" started-at="2020-06-21T11:58:16 IST" name="UrlTesting" finished-at="2020-06-21T11:58:26 IST" duration-ms="10487" status="PASS">
          <reporter-output>
          </reporter-output>
        </test-method> <!-- UrlTesting -->
        <test-method is-config="true" signature="tearDown(org.testng.ITestResult)[pri:0, instance:com.selenium.tests.TestBase@3c419631]" started-at="2020-06-21T11:58:26 IST" name="tearDown" finished-at="2020-06-21T11:58:26 IST" duration-ms="1" status="PASS">
          <params>
            <param index="0">
              <value>
                <![CDATA[[TestResult name=UrlTesting status=SUCCESS method=TestBase.UrlTesting()[pri:0, instance:com.selenium.tests.TestBase@3c419631] output={null}]]]>
              </value>
            </param>
          </params>
          <reporter-output>
          </reporter-output>
        </test-method> <!-- tearDown -->
        <test-method signature="testValidDetails()[pri:1, instance:com.selenium.tests.TestBase@3c419631]" started-at="2020-06-21T11:58:26 IST" name="testValidDetails" finished-at="2020-06-21T11:58:43 IST" duration-ms="17222" status="PASS">
          <reporter-output>
          </reporter-output>
        </test-method> <!-- testValidDetails -->
        <test-method is-config="true" signature="tearDown(org.testng.ITestResult)[pri:0, instance:com.selenium.tests.TestBase@3c419631]" started-at="2020-06-21T11:58:43 IST" name="tearDown" finished-at="2020-06-21T11:58:43 IST" duration-ms="1" status="PASS">
          <params>
            <param index="0">
              <value>
                <![CDATA[[TestResult name=testValidDetails status=SUCCESS method=TestBase.testValidDetails()[pri:1, instance:com.selenium.tests.TestBase@3c419631] output={null}]]]>
              </value>
            </param>
          </params>
          <reporter-output>
          </reporter-output>
        </test-method> <!-- tearDown -->
        <test-method signature="testCondition()[pri:2, instance:com.selenium.tests.TestBase@3c419631]" started-at="2020-06-21T11:58:43 IST" name="testCondition" finished-at="2020-06-21T11:58:46 IST" duration-ms="3154" status="PASS">
          <reporter-output>
          </reporter-output>
        </test-method> <!-- testCondition -->
        <test-method is-config="true" signature="tearDown(org.testng.ITestResult)[pri:0, instance:com.selenium.tests.TestBase@3c419631]" started-at="2020-06-21T11:58:46 IST" name="tearDown" finished-at="2020-06-21T11:58:46 IST" duration-ms="3" status="PASS">
          <params>
            <param index="0">
              <value>
                <![CDATA[[TestResult name=testCondition status=SUCCESS method=TestBase.testCondition()[pri:2, instance:com.selenium.tests.TestBase@3c419631] output={null}]]]>
              </value>
            </param>
          </params>
          <reporter-output>
          </reporter-output>
        </test-method> <!-- tearDown -->
        <test-method signature="testFilterButton()[pri:3, instance:com.selenium.tests.TestBase@3c419631]" started-at="2020-06-21T11:58:46 IST" name="testFilterButton" finished-at="2020-06-21T11:58:51 IST" duration-ms="4125" status="PASS">
          <reporter-output>
          </reporter-output>
        </test-method> <!-- testFilterButton -->
        <test-method is-config="true" signature="tearDown(org.testng.ITestResult)[pri:0, instance:com.selenium.tests.TestBase@3c419631]" started-at="2020-06-21T11:58:51 IST" name="tearDown" finished-at="2020-06-21T11:58:51 IST" duration-ms="0" status="PASS">
          <params>
            <param index="0">
              <value>
                <![CDATA[[TestResult name=testFilterButton status=SUCCESS method=TestBase.testFilterButton()[pri:3, instance:com.selenium.tests.TestBase@3c419631] output={null}]]]>
              </value>
            </param>
          </params>
          <reporter-output>
          </reporter-output>
        </test-method> <!-- tearDown -->
        <test-method signature="testFilter()[pri:4, instance:com.selenium.tests.TestBase@3c419631]" started-at="2020-06-21T11:58:51 IST" name="testFilter" finished-at="2020-06-21T11:58:54 IST" duration-ms="3115" status="PASS">
          <reporter-output>
          </reporter-output>
        </test-method> <!-- testFilter -->
        <test-method is-config="true" signature="tearDown(org.testng.ITestResult)[pri:0, instance:com.selenium.tests.TestBase@3c419631]" started-at="2020-06-21T11:58:54 IST" name="tearDown" finished-at="2020-06-21T11:58:54 IST" duration-ms="1" status="PASS">
          <params>
            <param index="0">
              <value>
                <![CDATA[[TestResult name=testFilter status=SUCCESS method=TestBase.testFilter()[pri:4, instance:com.selenium.tests.TestBase@3c419631] output={null}]]]>
              </value>
            </param>
          </params>
          <reporter-output>
          </reporter-output>
        </test-method> <!-- tearDown -->
        <test-method signature="testScroll()[pri:5, instance:com.selenium.tests.TestBase@3c419631]" started-at="2020-06-21T11:58:54 IST" name="testScroll" finished-at="2020-06-21T11:59:39 IST" duration-ms="45742" status="PASS">
          <reporter-output>
          </reporter-output>
        </test-method> <!-- testScroll -->
        <test-method is-config="true" signature="tearDown(org.testng.ITestResult)[pri:0, instance:com.selenium.tests.TestBase@3c419631]" started-at="2020-06-21T11:59:39 IST" name="tearDown" finished-at="2020-06-21T11:59:39 IST" duration-ms="1" status="PASS">
          <params>
            <param index="0">
              <value>
                <![CDATA[[TestResult name=testScroll status=SUCCESS method=TestBase.testScroll()[pri:5, instance:com.selenium.tests.TestBase@3c419631] output={null}]]]>
              </value>
            </param>
          </params>
          <reporter-output>
          </reporter-output>
        </test-method> <!-- tearDown -->
        <test-method signature="testHospsWithRatings()[pri:6, instance:com.selenium.tests.TestBase@3c419631]" started-at="2020-06-21T11:59:39 IST" name="testHospsWithRatings" finished-at="2020-06-21T11:59:50 IST" duration-ms="10055" status="PASS">
          <reporter-output>
          </reporter-output>
        </test-method> <!-- testHospsWithRatings -->
        <test-method is-config="true" signature="tearDown(org.testng.ITestResult)[pri:0, instance:com.selenium.tests.TestBase@3c419631]" started-at="2020-06-21T11:59:50 IST" name="tearDown" finished-at="2020-06-21T11:59:50 IST" duration-ms="1" status="PASS">
          <params>
            <param index="0">
              <value>
                <![CDATA[[TestResult name=testHospsWithRatings status=SUCCESS method=TestBase.testHospsWithRatings()[pri:6, instance:com.selenium.tests.TestBase@3c419631] output={null}]]]>
              </value>
            </param>
          </params>
          <reporter-output>
          </reporter-output>
        </test-method> <!-- tearDown -->
        <test-method signature="testDiagnosticspage()[pri:7, instance:com.selenium.tests.TestBase@3c419631]" started-at="2020-06-21T11:59:50 IST" name="testDiagnosticspage" finished-at="2020-06-21T12:00:22 IST" duration-ms="32769" status="PASS">
          <reporter-output>
          </reporter-output>
        </test-method> <!-- testDiagnosticspage -->
        <test-method is-config="true" signature="tearDown(org.testng.ITestResult)[pri:0, instance:com.selenium.tests.TestBase@3c419631]" started-at="2020-06-21T12:00:22 IST" name="tearDown" finished-at="2020-06-21T12:00:22 IST" duration-ms="1" status="PASS">
          <params>
            <param index="0">
              <value>
                <![CDATA[[TestResult name=testDiagnosticspage status=SUCCESS method=TestBase.testDiagnosticspage()[pri:7, instance:com.selenium.tests.TestBase@3c419631] output={null}]]]>
              </value>
            </param>
          </params>
          <reporter-output>
          </reporter-output>
        </test-method> <!-- tearDown -->
        <test-method signature="testGetTopCities()[pri:8, instance:com.selenium.tests.TestBase@3c419631]" started-at="2020-06-21T12:00:22 IST" name="testGetTopCities" finished-at="2020-06-21T12:00:23 IST" duration-ms="524" status="PASS">
          <reporter-output>
          </reporter-output>
        </test-method> <!-- testGetTopCities -->
        <test-method is-config="true" signature="tearDown(org.testng.ITestResult)[pri:0, instance:com.selenium.tests.TestBase@3c419631]" started-at="2020-06-21T12:00:23 IST" name="tearDown" finished-at="2020-06-21T12:00:23 IST" duration-ms="0" status="PASS">
          <params>
            <param index="0">
              <value>
                <![CDATA[[TestResult name=testGetTopCities status=SUCCESS method=TestBase.testGetTopCities()[pri:8, instance:com.selenium.tests.TestBase@3c419631] output={null}]]]>
              </value>
            </param>
          </params>
          <reporter-output>
          </reporter-output>
        </test-method> <!-- tearDown -->
        <test-method signature="testDisplayTopCities()[pri:9, instance:com.selenium.tests.TestBase@3c419631]" started-at="2020-06-21T12:00:23 IST" name="testDisplayTopCities" finished-at="2020-06-21T12:00:23 IST" duration-ms="1" status="PASS">
          <reporter-output>
          </reporter-output>
        </test-method> <!-- testDisplayTopCities -->
        <test-method is-config="true" signature="tearDown(org.testng.ITestResult)[pri:0, instance:com.selenium.tests.TestBase@3c419631]" started-at="2020-06-21T12:00:23 IST" name="tearDown" finished-at="2020-06-21T12:00:23 IST" duration-ms="1" status="PASS">
          <params>
            <param index="0">
              <value>
                <![CDATA[[TestResult name=testDisplayTopCities status=SUCCESS method=TestBase.testDisplayTopCities()[pri:9, instance:com.selenium.tests.TestBase@3c419631] output={null}]]]>
              </value>
            </param>
          </params>
          <reporter-output>
          </reporter-output>
        </test-method> <!-- tearDown -->
        <test-method signature="testcWellnessPage()[pri:10, instance:com.selenium.tests.TestBase@3c419631]" started-at="2020-06-21T12:00:23 IST" name="testcWellnessPage" finished-at="2020-06-21T12:00:48 IST" duration-ms="25498" status="PASS">
          <reporter-output>
          </reporter-output>
        </test-method> <!-- testcWellnessPage -->
        <test-method is-config="true" signature="tearDown(org.testng.ITestResult)[pri:0, instance:com.selenium.tests.TestBase@3c419631]" started-at="2020-06-21T12:00:48 IST" name="tearDown" finished-at="2020-06-21T12:00:48 IST" duration-ms="1" status="PASS">
          <params>
            <param index="0">
              <value>
                <![CDATA[[TestResult name=testcWellnessPage status=SUCCESS method=TestBase.testcWellnessPage()[pri:10, instance:com.selenium.tests.TestBase@3c419631] output={null}]]]>
              </value>
            </param>
          </params>
          <reporter-output>
          </reporter-output>
        </test-method> <!-- tearDown -->
        <test-method signature="invalidDetails1()[pri:11, instance:com.selenium.tests.TestBase@3c419631]" started-at="2020-06-21T12:00:48 IST" name="invalidDetails1" finished-at="2020-06-21T12:00:48 IST" duration-ms="54" status="PASS">
          <reporter-output>
          </reporter-output>
        </test-method> <!-- invalidDetails1 -->
        <test-method is-config="true" signature="tearDown(org.testng.ITestResult)[pri:0, instance:com.selenium.tests.TestBase@3c419631]" started-at="2020-06-21T12:00:48 IST" name="tearDown" finished-at="2020-06-21T12:00:48 IST" duration-ms="2" status="PASS">
          <params>
            <param index="0">
              <value>
                <![CDATA[[TestResult name=invalidDetails1 status=SUCCESS method=TestBase.invalidDetails1()[pri:11, instance:com.selenium.tests.TestBase@3c419631] output={null}]]]>
              </value>
            </param>
          </params>
          <reporter-output>
          </reporter-output>
        </test-method> <!-- tearDown -->
        <test-method signature="testDisplayError1()[pri:12, instance:com.selenium.tests.TestBase@3c419631]" started-at="2020-06-21T12:00:48 IST" name="testDisplayError1" finished-at="2020-06-21T12:00:49 IST" duration-ms="153" status="PASS">
          <reporter-output>
          </reporter-output>
        </test-method> <!-- testDisplayError1 -->
        <test-method is-config="true" signature="tearDown(org.testng.ITestResult)[pri:0, instance:com.selenium.tests.TestBase@3c419631]" started-at="2020-06-21T12:00:49 IST" name="tearDown" finished-at="2020-06-21T12:00:49 IST" duration-ms="1" status="PASS">
          <params>
            <param index="0">
              <value>
                <![CDATA[[TestResult name=testDisplayError1 status=SUCCESS method=TestBase.testDisplayError1()[pri:12, instance:com.selenium.tests.TestBase@3c419631] output={null}]]]>
              </value>
            </param>
          </params>
          <reporter-output>
          </reporter-output>
        </test-method> <!-- tearDown -->
        <test-method signature="invalidDetails2()[pri:13, instance:com.selenium.tests.TestBase@3c419631]" started-at="2020-06-21T12:00:49 IST" name="invalidDetails2" finished-at="2020-06-21T12:00:49 IST" duration-ms="405" status="PASS">
          <reporter-output>
          </reporter-output>
        </test-method> <!-- invalidDetails2 -->
        <test-method is-config="true" signature="tearDown(org.testng.ITestResult)[pri:0, instance:com.selenium.tests.TestBase@3c419631]" started-at="2020-06-21T12:00:49 IST" name="tearDown" finished-at="2020-06-21T12:00:49 IST" duration-ms="1" status="PASS">
          <params>
            <param index="0">
              <value>
                <![CDATA[[TestResult name=invalidDetails2 status=SUCCESS method=TestBase.invalidDetails2()[pri:13, instance:com.selenium.tests.TestBase@3c419631] output={null}]]]>
              </value>
            </param>
          </params>
          <reporter-output>
          </reporter-output>
        </test-method> <!-- tearDown -->
        <test-method signature="testDisplayError2()[pri:14, instance:com.selenium.tests.TestBase@3c419631]" started-at="2020-06-21T12:00:49 IST" name="testDisplayError2" finished-at="2020-06-21T12:00:49 IST" duration-ms="85" status="PASS">
          <reporter-output>
          </reporter-output>
        </test-method> <!-- testDisplayError2 -->
        <test-method is-config="true" signature="tearDown(org.testng.ITestResult)[pri:0, instance:com.selenium.tests.TestBase@3c419631]" started-at="2020-06-21T12:00:49 IST" name="tearDown" finished-at="2020-06-21T12:00:49 IST" duration-ms="3" status="PASS">
          <params>
            <param index="0">
              <value>
                <![CDATA[[TestResult name=testDisplayError2 status=SUCCESS method=TestBase.testDisplayError2()[pri:14, instance:com.selenium.tests.TestBase@3c419631] output={null}]]]>
              </value>
            </param>
          </params>
          <reporter-output>
          </reporter-output>
        </test-method> <!-- tearDown -->
        <test-method signature="invalidDetails3()[pri:15, instance:com.selenium.tests.TestBase@3c419631]" started-at="2020-06-21T12:00:49 IST" name="invalidDetails3" finished-at="2020-06-21T12:00:49 IST" duration-ms="412" status="PASS">
          <reporter-output>
          </reporter-output>
        </test-method> <!-- invalidDetails3 -->
        <test-method is-config="true" signature="tearDown(org.testng.ITestResult)[pri:0, instance:com.selenium.tests.TestBase@3c419631]" started-at="2020-06-21T12:00:49 IST" name="tearDown" finished-at="2020-06-21T12:00:49 IST" duration-ms="0" status="PASS">
          <params>
            <param index="0">
              <value>
                <![CDATA[[TestResult name=invalidDetails3 status=SUCCESS method=TestBase.invalidDetails3()[pri:15, instance:com.selenium.tests.TestBase@3c419631] output={null}]]]>
              </value>
            </param>
          </params>
          <reporter-output>
          </reporter-output>
        </test-method> <!-- tearDown -->
        <test-method signature="testDisplayError3()[pri:16, instance:com.selenium.tests.TestBase@3c419631]" started-at="2020-06-21T12:00:49 IST" name="testDisplayError3" finished-at="2020-06-21T12:00:50 IST" duration-ms="78" status="PASS">
          <reporter-output>
          </reporter-output>
        </test-method> <!-- testDisplayError3 -->
        <test-method is-config="true" signature="tearDown(org.testng.ITestResult)[pri:0, instance:com.selenium.tests.TestBase@3c419631]" started-at="2020-06-21T12:00:50 IST" name="tearDown" finished-at="2020-06-21T12:00:50 IST" duration-ms="1" status="PASS">
          <params>
            <param index="0">
              <value>
                <![CDATA[[TestResult name=testDisplayError3 status=SUCCESS method=TestBase.testDisplayError3()[pri:16, instance:com.selenium.tests.TestBase@3c419631] output={null}]]]>
              </value>
            </param>
          </params>
          <reporter-output>
          </reporter-output>
        </test-method> <!-- tearDown -->
        <test-method signature="invalidDetails4()[pri:17, instance:com.selenium.tests.TestBase@3c419631]" started-at="2020-06-21T12:00:50 IST" name="invalidDetails4" finished-at="2020-06-21T12:00:50 IST" duration-ms="645" status="PASS">
          <reporter-output>
          </reporter-output>
        </test-method> <!-- invalidDetails4 -->
        <test-method is-config="true" signature="tearDown(org.testng.ITestResult)[pri:0, instance:com.selenium.tests.TestBase@3c419631]" started-at="2020-06-21T12:00:50 IST" name="tearDown" finished-at="2020-06-21T12:00:50 IST" duration-ms="0" status="PASS">
          <params>
            <param index="0">
              <value>
                <![CDATA[[TestResult name=invalidDetails4 status=SUCCESS method=TestBase.invalidDetails4()[pri:17, instance:com.selenium.tests.TestBase@3c419631] output={null}]]]>
              </value>
            </param>
          </params>
          <reporter-output>
          </reporter-output>
        </test-method> <!-- tearDown -->
        <test-method signature="testDisplayError4()[pri:18, instance:com.selenium.tests.TestBase@3c419631]" started-at="2020-06-21T12:00:50 IST" name="testDisplayError4" finished-at="2020-06-21T12:00:50 IST" duration-ms="74" status="PASS">
          <reporter-output>
          </reporter-output>
        </test-method> <!-- testDisplayError4 -->
        <test-method is-config="true" signature="tearDown(org.testng.ITestResult)[pri:0, instance:com.selenium.tests.TestBase@3c419631]" started-at="2020-06-21T12:00:50 IST" name="tearDown" finished-at="2020-06-21T12:00:50 IST" duration-ms="1" status="PASS">
          <params>
            <param index="0">
              <value>
                <![CDATA[[TestResult name=testDisplayError4 status=SUCCESS method=TestBase.testDisplayError4()[pri:18, instance:com.selenium.tests.TestBase@3c419631] output={null}]]]>
              </value>
            </param>
          </params>
          <reporter-output>
          </reporter-output>
        </test-method> <!-- tearDown -->
        <test-method signature="validDetailsCorporateWellness()[pri:19, instance:com.selenium.tests.TestBase@3c419631]" started-at="2020-06-21T12:00:50 IST" name="validDetailsCorporateWellness" finished-at="2020-06-21T12:00:51 IST" duration-ms="723" status="PASS">
          <reporter-output>
          </reporter-output>
        </test-method> <!-- validDetailsCorporateWellness -->
        <test-method is-config="true" signature="tearDown(org.testng.ITestResult)[pri:0, instance:com.selenium.tests.TestBase@3c419631]" started-at="2020-06-21T12:00:51 IST" name="tearDown" finished-at="2020-06-21T12:00:51 IST" duration-ms="1" status="PASS">
          <params>
            <param index="0">
              <value>
                <![CDATA[[TestResult name=validDetailsCorporateWellness status=SUCCESS method=TestBase.validDetailsCorporateWellness()[pri:19, instance:com.selenium.tests.TestBase@3c419631] output={null}]]]>
              </value>
            </param>
          </params>
          <reporter-output>
          </reporter-output>
        </test-method> <!-- tearDown -->
        <test-method signature="testDisplaySuccessMessage()[pri:20, instance:com.selenium.tests.TestBase@3c419631]" started-at="2020-06-21T12:00:51 IST" name="testDisplaySuccessMessage" finished-at="2020-06-21T12:00:52 IST" duration-ms="1073" status="PASS">
          <reporter-output>
          </reporter-output>
        </test-method> <!-- testDisplaySuccessMessage -->
        <test-method is-config="true" signature="tearDown(org.testng.ITestResult)[pri:0, instance:com.selenium.tests.TestBase@3c419631]" started-at="2020-06-21T12:00:52 IST" name="tearDown" finished-at="2020-06-21T12:00:52 IST" duration-ms="2" status="PASS">
          <params>
            <param index="0">
              <value>
                <![CDATA[[TestResult name=testDisplaySuccessMessage status=SUCCESS method=TestBase.testDisplaySuccessMessage()[pri:20, instance:com.selenium.tests.TestBase@3c419631] output={null}]]]>
              </value>
            </param>
          </params>
          <reporter-output>
          </reporter-output>
        </test-method> <!-- tearDown -->
        <test-method signature="inValidName()[pri:21, instance:com.selenium.tests.TestBase@3c419631]" started-at="2020-06-21T12:00:52 IST" name="inValidName" finished-at="2020-06-21T12:00:53 IST" duration-ms="829" status="PASS">
          <reporter-output>
          </reporter-output>
        </test-method> <!-- inValidName -->
        <test-method is-config="true" signature="tearDown(org.testng.ITestResult)[pri:0, instance:com.selenium.tests.TestBase@3c419631]" started-at="2020-06-21T12:00:53 IST" name="tearDown" finished-at="2020-06-21T12:00:53 IST" duration-ms="0" status="PASS">
          <params>
            <param index="0">
              <value>
                <![CDATA[[TestResult name=inValidName status=SUCCESS method=TestBase.inValidName()[pri:21, instance:com.selenium.tests.TestBase@3c419631] output={null}]]]>
              </value>
            </param>
          </params>
          <reporter-output>
          </reporter-output>
        </test-method> <!-- tearDown -->
        <test-method signature="displayErrorInvalidName()[pri:22, instance:com.selenium.tests.TestBase@3c419631]" started-at="2020-06-21T12:00:53 IST" name="displayErrorInvalidName" finished-at="2020-06-21T12:00:54 IST" duration-ms="1076" status="FAIL">
          <exception class="java.lang.AssertionError">
            <message>
              <![CDATA[Invalid Name test case Passed expected [Please Enter Name] but found [Thanks, for showing We have received your request, our team will contact you shortly.]]]>
            </message>
            <full-stacktrace>
              <![CDATA[java.lang.AssertionError: Invalid Name test case Passed expected [Please Enter Name] but found [Thanks, for showing We have received your request, our team will contact you shortly.]
at org.testng.Assert.fail(Assert.java:97)
at org.testng.Assert.assertEqualsImpl(Assert.java:136)
at org.testng.Assert.assertEquals(Assert.java:118)
at org.testng.Assert.assertEquals(Assert.java:575)
at com.selenium.tests.TestBase.displayErrorInvalidName(TestBase.java:266)
at java.base/jdk.internal.reflect.NativeMethodAccessorImpl.invoke0(Native Method)
at java.base/jdk.internal.reflect.NativeMethodAccessorImpl.invoke(NativeMethodAccessorImpl.java:62)
at java.base/jdk.internal.reflect.DelegatingMethodAccessorImpl.invoke(DelegatingMethodAccessorImpl.java:43)
at java.base/java.lang.reflect.Method.invoke(Method.java:567)
at org.testng.internal.MethodInvocationHelper.invokeMethod(MethodInvocationHelper.java:135)
at org.testng.internal.TestInvoker.invokeMethod(TestInvoker.java:598)
at org.testng.internal.TestInvoker.invokeTestMethod(TestInvoker.java:174)
at org.testng.internal.MethodRunner.runInSequence(MethodRunner.java:46)
at org.testng.internal.TestInvoker$MethodInvocationAgent.invoke(TestInvoker.java:821)
at org.testng.internal.TestInvoker.invokeTestMethods(TestInvoker.java:147)
at org.testng.internal.TestMethodWorker.invokeTestMethods(TestMethodWorker.java:146)
at org.testng.internal.TestMethodWorker.run(TestMethodWorker.java:128)
at java.base/java.util.ArrayList.forEach(ArrayList.java:1507)
at org.testng.TestRunner.privateRun(TestRunner.java:767)
at org.testng.TestRunner.run(TestRunner.java:588)
at org.testng.SuiteRunner.runTest(SuiteRunner.java:384)
at org.testng.SuiteRunner.access$000(SuiteRunner.java:28)
at org.testng.SuiteRunner$SuiteWorker.run(SuiteRunner.java:425)
at org.testng.internal.thread.ThreadUtil.lambda$execute$0(ThreadUtil.java:68)
at java.base/java.util.concurrent.FutureTask.run(FutureTask.java:264)
at java.base/java.util.concurrent.ThreadPoolExecutor.runWorker(ThreadPoolExecutor.java:1128)
at java.base/java.util.concurrent.ThreadPoolExecutor$Worker.run(ThreadPoolExecutor.java:628)
at java.base/java.lang.Thread.run(Thread.java:830)
]]>
            </full-stacktrace>
          </exception> <!-- java.lang.AssertionError -->
          <reporter-output>
          </reporter-output>
        </test-method> <!-- displayErrorInvalidName -->
        <test-method is-config="true" signature="tearDown(org.testng.ITestResult)[pri:0, instance:com.selenium.tests.TestBase@3c419631]" started-at="2020-06-21T12:00:54 IST" name="tearDown" finished-at="2020-06-21T12:00:54 IST" duration-ms="6" status="PASS">
          <params>
            <param index="0">
              <value>
                <![CDATA[[TestResult name=displayErrorInvalidName status=FAILURE method=TestBase.displayErrorInvalidName()[pri:22, instance:com.selenium.tests.TestBase@3c419631] output={null}]]]>
              </value>
            </param>
          </params>
          <reporter-output>
          </reporter-output>
        </test-method> <!-- tearDown -->
        <test-method signature="testWriteExcelData()[pri:23, instance:com.selenium.tests.TestBase@3c419631]" started-at="2020-06-21T12:00:54 IST" name="testWriteExcelData" finished-at="2020-06-21T12:00:54 IST" duration-ms="337" status="PASS">
          <reporter-output>
          </reporter-output>
        </test-method> <!-- testWriteExcelData -->
        <test-method is-config="true" signature="tearDown(org.testng.ITestResult)[pri:0, instance:com.selenium.tests.TestBase@3c419631]" started-at="2020-06-21T12:00:54 IST" name="tearDown" finished-at="2020-06-21T12:00:54 IST" duration-ms="1" status="PASS">
          <params>
            <param index="0">
              <value>
                <![CDATA[[TestResult name=testWriteExcelData status=SUCCESS method=TestBase.testWriteExcelData()[pri:23, instance:com.selenium.tests.TestBase@3c419631] output={null}]]]>
              </value>
            </param>
          </params>
          <reporter-output>
          </reporter-output>
        </test-method> <!-- tearDown -->
        <test-method is-config="true" signature="closeBrowser()[pri:0, instance:com.selenium.tests.TestBase@3c419631]" started-at="2020-06-21T12:00:54 IST" name="closeBrowser" finished-at="2020-06-21T12:00:55 IST" duration-ms="996" status="PASS">
          <reporter-output>
          </reporter-output>
        </test-method> <!-- closeBrowser -->
        <test-method is-config="true" signature="tearDown()[pri:0, instance:com.selenium.tests.TestBase@3c419631]" started-at="2020-06-21T12:00:55 IST" name="tearDown" finished-at="2020-06-21T12:00:55 IST" duration-ms="137" status="PASS">
          <reporter-output>
          </reporter-output>
        </test-method> <!-- tearDown -->
      </class> <!-- com.selenium.tests.TestBase -->
    </test> <!-- EdgeTest -->
    <test started-at="2020-06-21T12:00:56 IST" name="FirefoxTest" finished-at="2020-06-21T12:04:02 IST" duration-ms="186084">
      <class name="com.selenium.tests.TestBase">
        <test-method is-config="true" signature="startReport(java.lang.String)[pri:0, instance:com.selenium.tests.TestBase@63021689]" started-at="2020-06-21T12:00:56 IST" name="startReport" finished-at="2020-06-21T12:00:56 IST" duration-ms="4" status="PASS">
          <params>
            <param index="0">
              <value>
                <![CDATA[firefox]]>
              </value>
            </param>
          </params>
          <reporter-output>
          </reporter-output>
        </test-method> <!-- startReport -->
        <test-method is-config="true" signature="setUp(java.lang.String)[pri:0, instance:com.selenium.tests.TestBase@63021689]" started-at="2020-06-21T12:00:56 IST" name="setUp" finished-at="2020-06-21T12:01:11 IST" duration-ms="14990" status="PASS">
          <params>
            <param index="0">
              <value>
                <![CDATA[firefox]]>
              </value>
            </param>
          </params>
          <reporter-output>
          </reporter-output>
        </test-method> <!-- setUp -->
        <test-method signature="UrlTesting()[pri:0, instance:com.selenium.tests.TestBase@63021689]" started-at="2020-06-21T12:01:11 IST" name="UrlTesting" finished-at="2020-06-21T12:01:26 IST" duration-ms="15828" status="PASS">
          <reporter-output>
          </reporter-output>
        </test-method> <!-- UrlTesting -->
        <test-method is-config="true" signature="tearDown(org.testng.ITestResult)[pri:0, instance:com.selenium.tests.TestBase@63021689]" started-at="2020-06-21T12:01:26 IST" name="tearDown" finished-at="2020-06-21T12:01:26 IST" duration-ms="1" status="PASS">
          <params>
            <param index="0">
              <value>
                <![CDATA[[TestResult name=UrlTesting status=SUCCESS method=TestBase.UrlTesting()[pri:0, instance:com.selenium.tests.TestBase@63021689] output={null}]]]>
              </value>
            </param>
          </params>
          <reporter-output>
          </reporter-output>
        </test-method> <!-- tearDown -->
        <test-method signature="testValidDetails()[pri:1, instance:com.selenium.tests.TestBase@63021689]" started-at="2020-06-21T12:01:26 IST" name="testValidDetails" finished-at="2020-06-21T12:01:52 IST" duration-ms="25920" status="PASS">
          <reporter-output>
          </reporter-output>
        </test-method> <!-- testValidDetails -->
        <test-method is-config="true" signature="tearDown(org.testng.ITestResult)[pri:0, instance:com.selenium.tests.TestBase@63021689]" started-at="2020-06-21T12:01:52 IST" name="tearDown" finished-at="2020-06-21T12:01:52 IST" duration-ms="1" status="PASS">
          <params>
            <param index="0">
              <value>
                <![CDATA[[TestResult name=testValidDetails status=SUCCESS method=TestBase.testValidDetails()[pri:1, instance:com.selenium.tests.TestBase@63021689] output={null}]]]>
              </value>
            </param>
          </params>
          <reporter-output>
          </reporter-output>
        </test-method> <!-- tearDown -->
        <test-method signature="testCondition()[pri:2, instance:com.selenium.tests.TestBase@63021689]" started-at="2020-06-21T12:01:52 IST" name="testCondition" finished-at="2020-06-21T12:01:56 IST" duration-ms="3580" status="PASS">
          <reporter-output>
          </reporter-output>
        </test-method> <!-- testCondition -->
        <test-method is-config="true" signature="tearDown(org.testng.ITestResult)[pri:0, instance:com.selenium.tests.TestBase@63021689]" started-at="2020-06-21T12:01:56 IST" name="tearDown" finished-at="2020-06-21T12:01:56 IST" duration-ms="0" status="PASS">
          <params>
            <param index="0">
              <value>
                <![CDATA[[TestResult name=testCondition status=SUCCESS method=TestBase.testCondition()[pri:2, instance:com.selenium.tests.TestBase@63021689] output={null}]]]>
              </value>
            </param>
          </params>
          <reporter-output>
          </reporter-output>
        </test-method> <!-- tearDown -->
        <test-method signature="testFilterButton()[pri:3, instance:com.selenium.tests.TestBase@63021689]" started-at="2020-06-21T12:01:56 IST" name="testFilterButton" finished-at="2020-06-21T12:02:00 IST" duration-ms="3774" status="PASS">
          <reporter-output>
          </reporter-output>
        </test-method> <!-- testFilterButton -->
        <test-method is-config="true" signature="tearDown(org.testng.ITestResult)[pri:0, instance:com.selenium.tests.TestBase@63021689]" started-at="2020-06-21T12:02:00 IST" name="tearDown" finished-at="2020-06-21T12:02:00 IST" duration-ms="1" status="PASS">
          <params>
            <param index="0">
              <value>
                <![CDATA[[TestResult name=testFilterButton status=SUCCESS method=TestBase.testFilterButton()[pri:3, instance:com.selenium.tests.TestBase@63021689] output={null}]]]>
              </value>
            </param>
          </params>
          <reporter-output>
          </reporter-output>
        </test-method> <!-- tearDown -->
        <test-method signature="testFilter()[pri:4, instance:com.selenium.tests.TestBase@63021689]" started-at="2020-06-21T12:02:00 IST" name="testFilter" finished-at="2020-06-21T12:02:03 IST" duration-ms="3263" status="PASS">
          <reporter-output>
          </reporter-output>
        </test-method> <!-- testFilter -->
        <test-method is-config="true" signature="tearDown(org.testng.ITestResult)[pri:0, instance:com.selenium.tests.TestBase@63021689]" started-at="2020-06-21T12:02:03 IST" name="tearDown" finished-at="2020-06-21T12:02:03 IST" duration-ms="0" status="PASS">
          <params>
            <param index="0">
              <value>
                <![CDATA[[TestResult name=testFilter status=SUCCESS method=TestBase.testFilter()[pri:4, instance:com.selenium.tests.TestBase@63021689] output={null}]]]>
              </value>
            </param>
          </params>
          <reporter-output>
          </reporter-output>
        </test-method> <!-- tearDown -->
        <test-method signature="testScroll()[pri:5, instance:com.selenium.tests.TestBase@63021689]" started-at="2020-06-21T12:02:03 IST" name="testScroll" finished-at="2020-06-21T12:02:46 IST" duration-ms="42792" status="PASS">
          <reporter-output>
          </reporter-output>
        </test-method> <!-- testScroll -->
        <test-method is-config="true" signature="tearDown(org.testng.ITestResult)[pri:0, instance:com.selenium.tests.TestBase@63021689]" started-at="2020-06-21T12:02:46 IST" name="tearDown" finished-at="2020-06-21T12:02:46 IST" duration-ms="1" status="PASS">
          <params>
            <param index="0">
              <value>
                <![CDATA[[TestResult name=testScroll status=SUCCESS method=TestBase.testScroll()[pri:5, instance:com.selenium.tests.TestBase@63021689] output={null}]]]>
              </value>
            </param>
          </params>
          <reporter-output>
          </reporter-output>
        </test-method> <!-- tearDown -->
        <test-method signature="testHospsWithRatings()[pri:6, instance:com.selenium.tests.TestBase@63021689]" started-at="2020-06-21T12:02:46 IST" name="testHospsWithRatings" finished-at="2020-06-21T12:02:58 IST" duration-ms="12479" status="PASS">
          <reporter-output>
          </reporter-output>
        </test-method> <!-- testHospsWithRatings -->
        <test-method is-config="true" signature="tearDown(org.testng.ITestResult)[pri:0, instance:com.selenium.tests.TestBase@63021689]" started-at="2020-06-21T12:02:58 IST" name="tearDown" finished-at="2020-06-21T12:02:58 IST" duration-ms="1" status="PASS">
          <params>
            <param index="0">
              <value>
                <![CDATA[[TestResult name=testHospsWithRatings status=SUCCESS method=TestBase.testHospsWithRatings()[pri:6, instance:com.selenium.tests.TestBase@63021689] output={null}]]]>
              </value>
            </param>
          </params>
          <reporter-output>
          </reporter-output>
        </test-method> <!-- tearDown -->
        <test-method signature="testDiagnosticspage()[pri:7, instance:com.selenium.tests.TestBase@63021689]" started-at="2020-06-21T12:02:58 IST" name="testDiagnosticspage" finished-at="2020-06-21T12:03:26 IST" duration-ms="27433" status="PASS">
          <reporter-output>
          </reporter-output>
        </test-method> <!-- testDiagnosticspage -->
        <test-method is-config="true" signature="tearDown(org.testng.ITestResult)[pri:0, instance:com.selenium.tests.TestBase@63021689]" started-at="2020-06-21T12:03:26 IST" name="tearDown" finished-at="2020-06-21T12:03:26 IST" duration-ms="1" status="PASS">
          <params>
            <param index="0">
              <value>
                <![CDATA[[TestResult name=testDiagnosticspage status=SUCCESS method=TestBase.testDiagnosticspage()[pri:7, instance:com.selenium.tests.TestBase@63021689] output={null}]]]>
              </value>
            </param>
          </params>
          <reporter-output>
          </reporter-output>
        </test-method> <!-- tearDown -->
        <test-method signature="testGetTopCities()[pri:8, instance:com.selenium.tests.TestBase@63021689]" started-at="2020-06-21T12:03:26 IST" name="testGetTopCities" finished-at="2020-06-21T12:03:26 IST" duration-ms="392" status="PASS">
          <reporter-output>
          </reporter-output>
        </test-method> <!-- testGetTopCities -->
        <test-method is-config="true" signature="tearDown(org.testng.ITestResult)[pri:0, instance:com.selenium.tests.TestBase@63021689]" started-at="2020-06-21T12:03:26 IST" name="tearDown" finished-at="2020-06-21T12:03:26 IST" duration-ms="0" status="PASS">
          <params>
            <param index="0">
              <value>
                <![CDATA[[TestResult name=testGetTopCities status=SUCCESS method=TestBase.testGetTopCities()[pri:8, instance:com.selenium.tests.TestBase@63021689] output={null}]]]>
              </value>
            </param>
          </params>
          <reporter-output>
          </reporter-output>
        </test-method> <!-- tearDown -->
        <test-method signature="testDisplayTopCities()[pri:9, instance:com.selenium.tests.TestBase@63021689]" started-at="2020-06-21T12:03:26 IST" name="testDisplayTopCities" finished-at="2020-06-21T12:03:26 IST" duration-ms="1" status="PASS">
          <reporter-output>
          </reporter-output>
        </test-method> <!-- testDisplayTopCities -->
        <test-method is-config="true" signature="tearDown(org.testng.ITestResult)[pri:0, instance:com.selenium.tests.TestBase@63021689]" started-at="2020-06-21T12:03:26 IST" name="tearDown" finished-at="2020-06-21T12:03:26 IST" duration-ms="1" status="PASS">
          <params>
            <param index="0">
              <value>
                <![CDATA[[TestResult name=testDisplayTopCities status=SUCCESS method=TestBase.testDisplayTopCities()[pri:9, instance:com.selenium.tests.TestBase@63021689] output={null}]]]>
              </value>
            </param>
          </params>
          <reporter-output>
          </reporter-output>
        </test-method> <!-- tearDown -->
        <test-method signature="testcWellnessPage()[pri:10, instance:com.selenium.tests.TestBase@63021689]" started-at="2020-06-21T12:03:26 IST" name="testcWellnessPage" finished-at="2020-06-21T12:03:52 IST" duration-ms="26018" status="PASS">
          <reporter-output>
          </reporter-output>
        </test-method> <!-- testcWellnessPage -->
        <test-method is-config="true" signature="tearDown(org.testng.ITestResult)[pri:0, instance:com.selenium.tests.TestBase@63021689]" started-at="2020-06-21T12:03:52 IST" name="tearDown" finished-at="2020-06-21T12:03:52 IST" duration-ms="1" status="PASS">
          <params>
            <param index="0">
              <value>
                <![CDATA[[TestResult name=testcWellnessPage status=SUCCESS method=TestBase.testcWellnessPage()[pri:10, instance:com.selenium.tests.TestBase@63021689] output={null}]]]>
              </value>
            </param>
          </params>
          <reporter-output>
          </reporter-output>
        </test-method> <!-- tearDown -->
        <test-method signature="invalidDetails1()[pri:11, instance:com.selenium.tests.TestBase@63021689]" started-at="2020-06-21T12:03:52 IST" name="invalidDetails1" finished-at="2020-06-21T12:03:52 IST" duration-ms="59" status="PASS">
          <reporter-output>
          </reporter-output>
        </test-method> <!-- invalidDetails1 -->
        <test-method is-config="true" signature="tearDown(org.testng.ITestResult)[pri:0, instance:com.selenium.tests.TestBase@63021689]" started-at="2020-06-21T12:03:52 IST" name="tearDown" finished-at="2020-06-21T12:03:52 IST" duration-ms="3" status="PASS">
          <params>
            <param index="0">
              <value>
                <![CDATA[[TestResult name=invalidDetails1 status=SUCCESS method=TestBase.invalidDetails1()[pri:11, instance:com.selenium.tests.TestBase@63021689] output={null}]]]>
              </value>
            </param>
          </params>
          <reporter-output>
          </reporter-output>
        </test-method> <!-- tearDown -->
        <test-method signature="testDisplayError1()[pri:12, instance:com.selenium.tests.TestBase@63021689]" started-at="2020-06-21T12:03:52 IST" name="testDisplayError1" finished-at="2020-06-21T12:03:52 IST" duration-ms="414" status="PASS">
          <reporter-output>
          </reporter-output>
        </test-method> <!-- testDisplayError1 -->
        <test-method is-config="true" signature="tearDown(org.testng.ITestResult)[pri:0, instance:com.selenium.tests.TestBase@63021689]" started-at="2020-06-21T12:03:52 IST" name="tearDown" finished-at="2020-06-21T12:03:52 IST" duration-ms="1" status="PASS">
          <params>
            <param index="0">
              <value>
                <![CDATA[[TestResult name=testDisplayError1 status=SUCCESS method=TestBase.testDisplayError1()[pri:12, instance:com.selenium.tests.TestBase@63021689] output={null}]]]>
              </value>
            </param>
          </params>
          <reporter-output>
          </reporter-output>
        </test-method> <!-- tearDown -->
        <test-method signature="invalidDetails2()[pri:13, instance:com.selenium.tests.TestBase@63021689]" started-at="2020-06-21T12:03:52 IST" name="invalidDetails2" finished-at="2020-06-21T12:03:53 IST" duration-ms="161" status="PASS">
          <reporter-output>
          </reporter-output>
        </test-method> <!-- invalidDetails2 -->
        <test-method signature="testDisplayError2()[pri:14, instance:com.selenium.tests.TestBase@63021689]" started-at="2020-06-21T12:03:53 IST" name="testDisplayError2" finished-at="2020-06-21T12:03:53 IST" duration-ms="115" status="PASS">
          <reporter-output>
          </reporter-output>
        </test-method> <!-- testDisplayError2 -->
        <test-method is-config="true" signature="tearDown(org.testng.ITestResult)[pri:0, instance:com.selenium.tests.TestBase@63021689]" started-at="2020-06-21T12:03:53 IST" name="tearDown" finished-at="2020-06-21T12:03:53 IST" duration-ms="0" status="PASS">
          <params>
            <param index="0">
              <value>
                <![CDATA[[TestResult name=invalidDetails2 status=SUCCESS method=TestBase.invalidDetails2()[pri:13, instance:com.selenium.tests.TestBase@63021689] output={null}]]]>
              </value>
            </param>
          </params>
          <reporter-output>
          </reporter-output>
        </test-method> <!-- tearDown -->
        <test-method is-config="true" signature="tearDown(org.testng.ITestResult)[pri:0, instance:com.selenium.tests.TestBase@63021689]" started-at="2020-06-21T12:03:53 IST" name="tearDown" finished-at="2020-06-21T12:03:53 IST" duration-ms="1" status="PASS">
          <params>
            <param index="0">
              <value>
                <![CDATA[[TestResult name=testDisplayError2 status=SUCCESS method=TestBase.testDisplayError2()[pri:14, instance:com.selenium.tests.TestBase@63021689] output={null}]]]>
              </value>
            </param>
          </params>
          <reporter-output>
          </reporter-output>
        </test-method> <!-- tearDown -->
        <test-method signature="invalidDetails3()[pri:15, instance:com.selenium.tests.TestBase@63021689]" started-at="2020-06-21T12:03:53 IST" name="invalidDetails3" finished-at="2020-06-21T12:03:53 IST" duration-ms="176" status="PASS">
          <reporter-output>
          </reporter-output>
        </test-method> <!-- invalidDetails3 -->
        <test-method is-config="true" signature="tearDown(org.testng.ITestResult)[pri:0, instance:com.selenium.tests.TestBase@63021689]" started-at="2020-06-21T12:03:53 IST" name="tearDown" finished-at="2020-06-21T12:03:53 IST" duration-ms="1" status="PASS">
          <params>
            <param index="0">
              <value>
                <![CDATA[[TestResult name=invalidDetails3 status=SUCCESS method=TestBase.invalidDetails3()[pri:15, instance:com.selenium.tests.TestBase@63021689] output={null}]]]>
              </value>
            </param>
          </params>
          <reporter-output>
          </reporter-output>
        </test-method> <!-- tearDown -->
        <test-method signature="testDisplayError3()[pri:16, instance:com.selenium.tests.TestBase@63021689]" started-at="2020-06-21T12:03:53 IST" name="testDisplayError3" finished-at="2020-06-21T12:03:53 IST" duration-ms="76" status="PASS">
          <reporter-output>
          </reporter-output>
        </test-method> <!-- testDisplayError3 -->
        <test-method is-config="true" signature="tearDown(org.testng.ITestResult)[pri:0, instance:com.selenium.tests.TestBase@63021689]" started-at="2020-06-21T12:03:53 IST" name="tearDown" finished-at="2020-06-21T12:03:53 IST" duration-ms="1" status="PASS">
          <params>
            <param index="0">
              <value>
                <![CDATA[[TestResult name=testDisplayError3 status=SUCCESS method=TestBase.testDisplayError3()[pri:16, instance:com.selenium.tests.TestBase@63021689] output={null}]]]>
              </value>
            </param>
          </params>
          <reporter-output>
          </reporter-output>
        </test-method> <!-- tearDown -->
        <test-method signature="invalidDetails4()[pri:17, instance:com.selenium.tests.TestBase@63021689]" started-at="2020-06-21T12:03:53 IST" name="invalidDetails4" finished-at="2020-06-21T12:03:53 IST" duration-ms="256" status="PASS">
          <reporter-output>
          </reporter-output>
        </test-method> <!-- invalidDetails4 -->
        <test-method is-config="true" signature="tearDown(org.testng.ITestResult)[pri:0, instance:com.selenium.tests.TestBase@63021689]" started-at="2020-06-21T12:03:53 IST" name="tearDown" finished-at="2020-06-21T12:03:53 IST" duration-ms="0" status="PASS">
          <params>
            <param index="0">
              <value>
                <![CDATA[[TestResult name=invalidDetails4 status=SUCCESS method=TestBase.invalidDetails4()[pri:17, instance:com.selenium.tests.TestBase@63021689] output={null}]]]>
              </value>
            </param>
          </params>
          <reporter-output>
          </reporter-output>
        </test-method> <!-- tearDown -->
        <test-method signature="testDisplayError4()[pri:18, instance:com.selenium.tests.TestBase@63021689]" started-at="2020-06-21T12:03:53 IST" name="testDisplayError4" finished-at="2020-06-21T12:03:53 IST" duration-ms="69" status="PASS">
          <reporter-output>
          </reporter-output>
        </test-method> <!-- testDisplayError4 -->
        <test-method is-config="true" signature="tearDown(org.testng.ITestResult)[pri:0, instance:com.selenium.tests.TestBase@63021689]" started-at="2020-06-21T12:03:53 IST" name="tearDown" finished-at="2020-06-21T12:03:53 IST" duration-ms="1" status="PASS">
          <params>
            <param index="0">
              <value>
                <![CDATA[[TestResult name=testDisplayError4 status=SUCCESS method=TestBase.testDisplayError4()[pri:18, instance:com.selenium.tests.TestBase@63021689] output={null}]]]>
              </value>
            </param>
          </params>
          <reporter-output>
          </reporter-output>
        </test-method> <!-- tearDown -->
        <test-method signature="validDetailsCorporateWellness()[pri:19, instance:com.selenium.tests.TestBase@63021689]" started-at="2020-06-21T12:03:53 IST" name="validDetailsCorporateWellness" finished-at="2020-06-21T12:03:54 IST" duration-ms="402" status="PASS">
          <reporter-output>
          </reporter-output>
        </test-method> <!-- validDetailsCorporateWellness -->
        <test-method signature="testDisplaySuccessMessage()[pri:20, instance:com.selenium.tests.TestBase@63021689]" started-at="2020-06-21T12:03:54 IST" name="testDisplaySuccessMessage" finished-at="2020-06-21T12:03:55 IST" duration-ms="1268" status="PASS">
          <reporter-output>
          </reporter-output>
        </test-method> <!-- testDisplaySuccessMessage -->
        <test-method is-config="true" signature="tearDown(org.testng.ITestResult)[pri:0, instance:com.selenium.tests.TestBase@63021689]" started-at="2020-06-21T12:03:54 IST" name="tearDown" finished-at="2020-06-21T12:03:54 IST" duration-ms="0" status="PASS">
          <params>
            <param index="0">
              <value>
                <![CDATA[[TestResult name=validDetailsCorporateWellness status=SUCCESS method=TestBase.validDetailsCorporateWellness()[pri:19, instance:com.selenium.tests.TestBase@63021689] output={null}]]]>
              </value>
            </param>
          </params>
          <reporter-output>
          </reporter-output>
        </test-method> <!-- tearDown -->
        <test-method is-config="true" signature="tearDown(org.testng.ITestResult)[pri:0, instance:com.selenium.tests.TestBase@63021689]" started-at="2020-06-21T12:03:55 IST" name="tearDown" finished-at="2020-06-21T12:03:55 IST" duration-ms="0" status="PASS">
          <params>
            <param index="0">
              <value>
                <![CDATA[[TestResult name=testDisplaySuccessMessage status=SUCCESS method=TestBase.testDisplaySuccessMessage()[pri:20, instance:com.selenium.tests.TestBase@63021689] output={null}]]]>
              </value>
            </param>
          </params>
          <reporter-output>
          </reporter-output>
        </test-method> <!-- tearDown -->
        <test-method signature="inValidName()[pri:21, instance:com.selenium.tests.TestBase@63021689]" started-at="2020-06-21T12:03:55 IST" name="inValidName" finished-at="2020-06-21T12:03:55 IST" duration-ms="312" status="PASS">
          <reporter-output>
          </reporter-output>
        </test-method> <!-- inValidName -->
        <test-method is-config="true" signature="tearDown(org.testng.ITestResult)[pri:0, instance:com.selenium.tests.TestBase@63021689]" started-at="2020-06-21T12:03:55 IST" name="tearDown" finished-at="2020-06-21T12:03:55 IST" duration-ms="0" status="PASS">
          <params>
            <param index="0">
              <value>
                <![CDATA[[TestResult name=inValidName status=SUCCESS method=TestBase.inValidName()[pri:21, instance:com.selenium.tests.TestBase@63021689] output={null}]]]>
              </value>
            </param>
          </params>
          <reporter-output>
          </reporter-output>
        </test-method> <!-- tearDown -->
        <test-method signature="displayErrorInvalidName()[pri:22, instance:com.selenium.tests.TestBase@63021689]" started-at="2020-06-21T12:03:55 IST" name="displayErrorInvalidName" finished-at="2020-06-21T12:03:57 IST" duration-ms="1213" status="FAIL">
          <exception class="java.lang.AssertionError">
            <message>
              <![CDATA[Invalid Name test case Passed expected [Please Enter Name] but found [Thanks, for showing We have received your request, our team will contact you shortly.]]]>
            </message>
            <full-stacktrace>
              <![CDATA[java.lang.AssertionError: Invalid Name test case Passed expected [Please Enter Name] but found [Thanks, for showing We have received your request, our team will contact you shortly.]
at org.testng.Assert.fail(Assert.java:97)
at org.testng.Assert.assertEqualsImpl(Assert.java:136)
at org.testng.Assert.assertEquals(Assert.java:118)
at org.testng.Assert.assertEquals(Assert.java:575)
at com.selenium.tests.TestBase.displayErrorInvalidName(TestBase.java:266)
at java.base/jdk.internal.reflect.NativeMethodAccessorImpl.invoke0(Native Method)
at java.base/jdk.internal.reflect.NativeMethodAccessorImpl.invoke(NativeMethodAccessorImpl.java:62)
at java.base/jdk.internal.reflect.DelegatingMethodAccessorImpl.invoke(DelegatingMethodAccessorImpl.java:43)
at java.base/java.lang.reflect.Method.invoke(Method.java:567)
at org.testng.internal.MethodInvocationHelper.invokeMethod(MethodInvocationHelper.java:135)
at org.testng.internal.TestInvoker.invokeMethod(TestInvoker.java:598)
at org.testng.internal.TestInvoker.invokeTestMethod(TestInvoker.java:174)
at org.testng.internal.MethodRunner.runInSequence(MethodRunner.java:46)
at org.testng.internal.TestInvoker$MethodInvocationAgent.invoke(TestInvoker.java:821)
at org.testng.internal.TestInvoker.invokeTestMethods(TestInvoker.java:147)
at org.testng.internal.TestMethodWorker.invokeTestMethods(TestMethodWorker.java:146)
at org.testng.internal.TestMethodWorker.run(TestMethodWorker.java:128)
at java.base/java.util.ArrayList.forEach(ArrayList.java:1507)
at org.testng.TestRunner.privateRun(TestRunner.java:767)
at org.testng.TestRunner.run(TestRunner.java:588)
at org.testng.SuiteRunner.runTest(SuiteRunner.java:384)
at org.testng.SuiteRunner.access$000(SuiteRunner.java:28)
at org.testng.SuiteRunner$SuiteWorker.run(SuiteRunner.java:425)
at org.testng.internal.thread.ThreadUtil.lambda$execute$0(ThreadUtil.java:68)
at java.base/java.util.concurrent.FutureTask.run(FutureTask.java:264)
at java.base/java.util.concurrent.ThreadPoolExecutor.runWorker(ThreadPoolExecutor.java:1128)
at java.base/java.util.concurrent.ThreadPoolExecutor$Worker.run(ThreadPoolExecutor.java:628)
at java.base/java.lang.Thread.run(Thread.java:830)
]]>
            </full-stacktrace>
          </exception> <!-- java.lang.AssertionError -->
          <reporter-output>
          </reporter-output>
        </test-method> <!-- displayErrorInvalidName -->
        <test-method is-config="true" signature="tearDown(org.testng.ITestResult)[pri:0, instance:com.selenium.tests.TestBase@63021689]" started-at="2020-06-21T12:03:57 IST" name="tearDown" finished-at="2020-06-21T12:03:57 IST" duration-ms="1" status="PASS">
          <params>
            <param index="0">
              <value>
                <![CDATA[[TestResult name=displayErrorInvalidName status=FAILURE method=TestBase.displayErrorInvalidName()[pri:22, instance:com.selenium.tests.TestBase@63021689] output={null}]]]>
              </value>
            </param>
          </params>
          <reporter-output>
          </reporter-output>
        </test-method> <!-- tearDown -->
        <test-method signature="testWriteExcelData()[pri:23, instance:com.selenium.tests.TestBase@63021689]" started-at="2020-06-21T12:03:57 IST" name="testWriteExcelData" finished-at="2020-06-21T12:03:57 IST" duration-ms="95" status="PASS">
          <reporter-output>
          </reporter-output>
        </test-method> <!-- testWriteExcelData -->
        <test-method is-config="true" signature="tearDown(org.testng.ITestResult)[pri:0, instance:com.selenium.tests.TestBase@63021689]" started-at="2020-06-21T12:03:57 IST" name="tearDown" finished-at="2020-06-21T12:03:57 IST" duration-ms="0" status="PASS">
          <params>
            <param index="0">
              <value>
                <![CDATA[[TestResult name=testWriteExcelData status=SUCCESS method=TestBase.testWriteExcelData()[pri:23, instance:com.selenium.tests.TestBase@63021689] output={null}]]]>
              </value>
            </param>
          </params>
          <reporter-output>
          </reporter-output>
        </test-method> <!-- tearDown -->
        <test-method is-config="true" signature="closeBrowser()[pri:0, instance:com.selenium.tests.TestBase@63021689]" started-at="2020-06-21T12:03:57 IST" name="closeBrowser" finished-at="2020-06-21T12:04:01 IST" duration-ms="4817" status="PASS">
          <reporter-output>
          </reporter-output>
        </test-method> <!-- closeBrowser -->
        <test-method is-config="true" signature="tearDown()[pri:0, instance:com.selenium.tests.TestBase@63021689]" started-at="2020-06-21T12:04:01 IST" name="tearDown" finished-at="2020-06-21T12:04:02 IST" duration-ms="103" status="PASS">
          <reporter-output>
          </reporter-output>
        </test-method> <!-- tearDown -->
      </class> <!-- com.selenium.tests.TestBase -->
    </test> <!-- FirefoxTest -->
  </suite> <!-- TestSuite -->
</testng-results>
